<?xml version="1.0" encoding="UTF-8"?>
<!-- Generated by org.testng.reporters.JUnitReportReporter -->
<testsuite hostname="WIN-622FKH1SJNF" failures="0" tests="5" name="runner.TestRunner" time="113.713" errors="0" timestamp="2023-05-05T21:03:45 IST" skipped="0">
  <testcase classname="runner.TestRunner" name="runScenario" time="24.266"/>
  <system-out/>
  <testcase classname="runner.TestRunner" name="runScenario" time="26.297"/>
  <system-out/>
  <testcase classname="runner.TestRunner" name="runScenario" time="16.368"/>
  <system-out/>
  <testcase classname="runner.TestRunner" name="runScenario" time="20.313"/>
  <system-out/>
  <testcase classname="runner.TestRunner" name="runScenario" time="26.469"/>
  <system-out/>
</testsuite> <!-- runner.TestRunner -->
